[ 2017-09-26T18:07:14+08:00 ] ::1 /weicn/index.php?s=/Public/login.html
INFO: [ view_parse ] --START--
INFO: [ template_filter ] --START--
INFO: Run Behavior\ContentReplace [ RunTime:0.000000s ]
INFO: [ template_filter ] --END-- [ RunTime:0.000000s ]
INFO: Run Behavior\ParseTemplate [ RunTime:0.006001s ]
INFO: [ view_parse ] --END-- [ RunTime:0.006001s ]
INFO: [ view_filter ] --START--
INFO: Run Behavior\WriteHtmlCache [ RunTime:0.000000s ]
INFO: [ view_filter ] --END-- [ RunTime:0.000000s ]
INFO: [ app_end ] --START--
INFO: Run Behavior\ShowPageTrace [ RunTime:0.000000s ]
INFO: [ app_end ] --END-- [ RunTime:0.001000s ]

[ 2017-09-26T18:07:20+08:00 ] ::1 /weicn/index.php?s=/Public/login.html
INFO: [ app_begin ] --START--
INFO: Run Behavior\ReadHtmlCache [ RunTime:0.001000s ]
INFO: [ app_begin ] --END-- [ RunTime:0.001000s ]
SQL: SHOW COLUMNS FROM `onethink_ucenter_member` [ RunTime:0.006000s ]
SQL: SELECT * FROM `onethink_ucenter_member` WHERE ( `username` = '李超' ) LIMIT 1   [ RunTime:0.000000s ]
SQL: UPDATE `onethink_ucenter_member` SET `last_login_time`=1506420439,`last_login_ip`=0 WHERE ( `id` = 16 ) [ RunTime:0.000000s ]
SQL: SHOW COLUMNS FROM `onethink_member` [ RunTime:0.007000s ]
SQL: SELECT `uid`,`nickname`,`sex`,`birthday`,`qq`,`score`,`login`,`reg_ip`,`reg_time`,`last_login_ip`,`last_login_time`,`status` FROM `onethink_member` WHERE ( `uid` = 16 ) LIMIT 1   [ RunTime:0.001000s ]
SQL: SHOW COLUMNS FROM `onethink_action` [ RunTime:0.006000s ]
SQL: SELECT * FROM `onethink_action` WHERE ( `name` = 'user_login' ) LIMIT 1   [ RunTime:0.000000s ]
SQL: UPDATE `onethink_member` SET `login`=`login`+1,`last_login_time`=1506420439,`last_login_ip`=0 WHERE ( `uid` = 16 ) [ RunTime:0.000000s ]

[ 2017-09-26T18:07:21+08:00 ] ::1 /weicn/index.php?s=/Index/index.html
SQL: SHOW COLUMNS FROM `onethink_auth_group_access` [ RunTime:0.006000s ]
SQL: SELECT `rules` FROM onethink_auth_group_access a INNER JOIN onethink_auth_group g on a.group_id=g.id  WHERE ( a.uid='16' and g.status='1' )  [ RunTime:0.001001s ]
SQL: SHOW COLUMNS FROM `onethink_auth_rule` [ RunTime:0.005000s ]
SQL: SELECT `condition`,`name` FROM `onethink_auth_rule` WHERE ( `id` IN ('1','219','220','225','228','232','233','234','235','236','237','221','223','224') ) AND ( `type` IN ('1','2') ) AND ( `status` = 1 )  [ RunTime:0.001000s ]
SQL: SHOW COLUMNS FROM `onethink_menu` [ RunTime:0.005000s ]
SQL: SELECT * FROM `onethink_menu` WHERE ( `pid` = 0 ) AND ( `hide` = 0 ) ORDER BY sort asc  [ RunTime:0.001000s ]
SQL: SELECT `id` FROM `onethink_menu` WHERE ( url like '%Index/index%' ) LIMIT 1   [ RunTime:0.000000s ]
SQL: SHOW COLUMNS FROM `onethink_menu` [ RunTime:0.005001s ]
SQL: SELECT `id`,`pid`,`title` FROM `onethink_menu` WHERE ( id=1 ) LIMIT 1   [ RunTime:0.000000s ]
SQL: SHOW COLUMNS FROM `onethink_auth_rule` [ RunTime:0.005000s ]
SQL: SELECT `condition`,`name` FROM `onethink_auth_rule` WHERE ( `id` IN ('1','219','220','225','228','232','233','234','235','236','237','221','223','224') ) AND ( `type` = 2 ) AND ( `status` = 1 )  [ RunTime:0.000000s ]
SQL: SELECT DISTINCT  `group` FROM `onethink_menu` WHERE ( pid = 1 )  [ RunTime:0.001000s ]
SQL: SELECT `id`,`url` FROM `onethink_menu` WHERE ( `pid` = 1 ) AND ( `hide` = 0 )  [ RunTime:0.000000s ]
NOTIC: [2] Invalid argument supplied for foreach() D:\phpStudy\WWW\weicn\Application\Admin\Controller\AdminController.class.php 第 294 行.
SQL: SHOW COLUMNS FROM `onethink_ucenter_member` [ RunTime:0.006000s ]
SQL: SELECT `last_login_ip` FROM `onethink_ucenter_member` WHERE ( `id` = 16 ) LIMIT 1   [ RunTime:0.000000s ]
SQL: SHOW COLUMNS FROM `onethink_auth_group_access` [ RunTime:0.007001s ]
SQL: SELECT `group_id` FROM `onethink_auth_group_access` WHERE ( `uid` = 16 ) LIMIT 1   [ RunTime:0.001000s ]
SQL: SHOW COLUMNS FROM `onethink_case` [ RunTime:0.008000s ]
SQL: SELECT * FROM `onethink_case` WHERE ( case_status = "chushen"
                         ) ORDER BY fill_in_time desc  [ RunTime:0.002001s ]
SQL: SELECT * FROM `onethink_case`  [ RunTime:0.005000s ]
SQL: SELECT COUNT(*) AS tp_count FROM `onethink_case` WHERE ( case_status = "chushen"
                         ) LIMIT 1   [ RunTime:0.002000s ]
SQL: SELECT `trial_time` FROM `onethink_case` WHERE ( `case_status` = 'chushen' ) LIMIT 1   [ RunTime:0.001000s ]
SQL: SELECT COUNT(*) AS tp_count FROM `onethink_case` WHERE ( `case_status` = 'chushen' ) AND (  (`dispatch_time` BETWEEN 1507111641 AND 1507284441 ) ) LIMIT 1   [ RunTime:0.001000s ]
SQL: SELECT COUNT(*) AS tp_count FROM `onethink_case` WHERE ( `case_status` = 'chushen' ) AND ( `dispatch_time` > 1507284441 ) LIMIT 1   [ RunTime:0.001001s ]
INFO: [ view_parse ] --START--
INFO: [ template_filter ] --START--
INFO: Run Behavior\ContentReplace [ RunTime:0.001000s ]
INFO: [ template_filter ] --END-- [ RunTime:0.001000s ]
NOTIC: [2] Invalid argument supplied for foreach() D:\phpStudy\WWW\weicn\Runtime\Cache\Admin\b595b808c2ebeeeb0478ffc30bb4e87a.php 第 154 行.
INFO: Run Behavior\ParseTemplate [ RunTime:0.017001s ]
INFO: [ view_parse ] --END-- [ RunTime:0.017001s ]
INFO: [ view_filter ] --START--
INFO: Run Behavior\WriteHtmlCache [ RunTime:0.001000s ]
INFO: [ view_filter ] --END-- [ RunTime:0.001000s ]
INFO: [ app_end ] --START--
INFO: Run Behavior\ShowPageTrace [ RunTime:0.000000s ]
INFO: [ app_end ] --END-- [ RunTime:0.000000s ]

[ 2017-09-26T18:07:29+08:00 ] ::1 /weicn/index.php?s=/Case/suoyou/0/act/1/suoyou.html
SQL: SHOW COLUMNS FROM `onethink_auth_group_access` [ RunTime:0.006001s ]
SQL: SELECT `extend_id` FROM onethink_auth_group_access g INNER JOIN onethink_auth_extend c on g.group_id=c.group_id  WHERE ( g.uid='16' and c.type='1' and !isnull(extend_id) )  [ RunTime:0.000000s ]
NOTIC: [8] Undefined variable: cate_id D:\phpStudy\WWW\weicn\Application\Admin\Controller\CaseController.class.php 第 53 行.
SQL: SHOW COLUMNS FROM `onethink_menu` [ RunTime:0.006000s ]
SQL: SELECT * FROM `onethink_menu` WHERE ( `pid` = 0 ) AND ( `hide` = 0 ) ORDER BY sort asc  [ RunTime:0.000000s ]
SQL: SELECT `id` FROM `onethink_menu` WHERE ( url like '%Case/suoyou%' ) LIMIT 1   [ RunTime:0.001000s ]
SQL: SHOW COLUMNS FROM `onethink_menu` [ RunTime:0.005001s ]
SQL: SELECT `id`,`pid`,`title` FROM `onethink_menu` WHERE ( id=148 ) LIMIT 1   [ RunTime:0.000000s ]
SQL: SELECT `id`,`pid`,`title` FROM `onethink_menu` WHERE ( id=122 ) LIMIT 1   [ RunTime:0.000000s ]
SQL: SHOW COLUMNS FROM `onethink_auth_group_access` [ RunTime:0.005000s ]
SQL: SELECT `group_id` FROM `onethink_auth_group_access` WHERE ( `uid` = 16 )  [ RunTime:0.000000s ]
SQL: SHOW COLUMNS FROM `onethink_case` [ RunTime:0.008001s ]
NOTIC: [8] Undefined variable: where D:\phpStudy\WWW\weicn\Application\Admin\Controller\CaseController.class.php 第 208 行.
SQL: SELECT COUNT(*) AS tp_count FROM `onethink_case` ORDER BY fill_in_time desc LIMIT 1   [ RunTime:0.000000s ]
NOTIC: [8] Undefined variable: where D:\phpStudy\WWW\weicn\Application\Admin\Controller\CaseController.class.php 第 216 行.
SQL: SELECT * FROM `onethink_case` ORDER BY fill_in_time desc LIMIT 0,25   [ RunTime:0.002000s ]
SQL: SHOW COLUMNS FROM `onethink_area_top` [ RunTime:0.009000s ]
SQL: SELECT * FROM `onethink_area_top` WHERE ( `type_id` = 4 )  [ RunTime:0.001000s ]
INFO: [ view_parse ] --START--
INFO: [ template_filter ] --START--
INFO: Run Behavior\ContentReplace [ RunTime:0.000000s ]
INFO: [ template_filter ] --END-- [ RunTime:0.000000s ]
NOTIC: [8] Use of undefined constant suoyou - assumed 'suoyou' D:\phpStudy\WWW\weicn\Runtime\Cache\Admin\6de8d746b380c6d7eec580ef742aea45.php 第 83 行.
NOTIC: [8] unserialize() [<a href='function.unserialize'>function.unserialize</a>]: Error at offset 0 of 1 bytes D:\phpStudy\WWW\weicn\Runtime\Cache\Admin\6de8d746b380c6d7eec580ef742aea45.php 第 202 行.
NOTIC: [2] Invalid argument supplied for foreach() D:\phpStudy\WWW\weicn\Runtime\Cache\Admin\6de8d746b380c6d7eec580ef742aea45.php 第 202 行.
NOTIC: [2] Invalid argument supplied for foreach() D:\phpStudy\WWW\weicn\Runtime\Cache\Admin\6de8d746b380c6d7eec580ef742aea45.php 第 206 行.
NOTIC: [8] Undefined variable: str D:\phpStudy\WWW\weicn\Runtime\Cache\Admin\6de8d746b380c6d7eec580ef742aea45.php 第 206 行.
NOTIC: [2] max() [<a href='function.max'>function.max</a>]: When only one parameter is given, it must be an array D:\phpStudy\WWW\weicn\Runtime\Cache\Admin\6de8d746b380c6d7eec580ef742aea45.php 第 206 行.
NOTIC: [2] Invalid argument supplied for foreach() D:\phpStudy\WWW\weicn\Runtime\Cache\Admin\6de8d746b380c6d7eec580ef742aea45.php 第 207 行.
NOTIC: [8] Undefined variable: strs D:\phpStudy\WWW\weicn\Runtime\Cache\Admin\6de8d746b380c6d7eec580ef742aea45.php 第 207 行.
NOTIC: [2] max() [<a href='function.max'>function.max</a>]: When only one parameter is given, it must be an array D:\phpStudy\WWW\weicn\Runtime\Cache\Admin\6de8d746b380c6d7eec580ef742aea45.php 第 207 行.
NOTIC: [8] Undefined index: growth_dilemmass D:\phpStudy\WWW\weicn\Runtime\Cache\Admin\6de8d746b380c6d7eec580ef742aea45.php 第 208 行.
NOTIC: [2] Invalid argument supplied for foreach() D:\phpStudy\WWW\weicn\Runtime\Cache\Admin\6de8d746b380c6d7eec580ef742aea45.php 第 208 行.
NOTIC: [8] Undefined variable: strss D:\phpStudy\WWW\weicn\Runtime\Cache\Admin\6de8d746b380c6d7eec580ef742aea45.php 第 208 行.
NOTIC: [2] max() [<a href='function.max'>function.max</a>]: When only one parameter is given, it must be an array D:\phpStudy\WWW\weicn\Runtime\Cache\Admin\6de8d746b380c6d7eec580ef742aea45.php 第 208 行.
SQL: SELECT `turn_related` FROM `onethink_case` WHERE ( `id` = 832 ) LIMIT 1   [ RunTime:0.000000s ]
NOTIC: [8] unserialize() [<a href='function.unserialize'>function.unserialize</a>]: Error at offset 0 of 1 bytes D:\phpStudy\WWW\weicn\Runtime\Cache\Admin\6de8d746b380c6d7eec580ef742aea45.php 第 202 行.
NOTIC: [2] Invalid argument supplied for foreach() D:\phpStudy\WWW\weicn\Runtime\Cache\Admin\6de8d746b380c6d7eec580ef742aea45.php 第 202 行.
NOTIC: [2] Invalid argument supplied for foreach() D:\phpStudy\WWW\weicn\Runtime\Cache\Admin\6de8d746b380c6d7eec580ef742aea45.php 第 206 行.
NOTIC: [8] Undefined variable: str D:\phpStudy\WWW\weicn\Runtime\Cache\Admin\6de8d746b380c6d7eec580ef742aea45.php 第 206 行.
NOTIC: [2] max() [<a href='function.max'>function.max</a>]: When only one parameter is given, it must be an array D:\phpStudy\WWW\weicn\Runtime\Cache\Admin\6de8d746b380c6d7eec580ef742aea45.php 第 206 行.
NOTIC: [2] Invalid argument supplied for foreach() D:\phpStudy\WWW\weicn\Runtime\Cache\Admin\6de8d746b380c6d7eec580ef742aea45.php 第 207 行.
NOTIC: [8] Undefined variable: strs D:\phpStudy\WWW\weicn\Runtime\Cache\Admin\6de8d746b380c6d7eec580ef742aea45.php 第 207 行.
NOTIC: [2] max() [<a href='function.max'>function.max</a>]: When only one parameter is given, it must be an array D:\phpStudy\WWW\weicn\Runtime\Cache\Admin\6de8d746b380c6d7eec580ef742aea45.php 第 207 行.
NOTIC: [8] Undefined index: growth_dilemmass D:\phpStudy\WWW\weicn\Runtime\Cache\Admin\6de8d746b380c6d7eec580ef742aea45.php 第 208 行.
NOTIC: [2] Invalid argument supplied for foreach() D:\phpStudy\WWW\weicn\Runtime\Cache\Admin\6de8d746b380c6d7eec580ef742aea45.php 第 208 行.
NOTIC: [8] Undefined variable: strss D:\phpStudy\WWW\weicn\Runtime\Cache\Admin\6de8d746b380c6d7eec580ef742aea45.php 第 208 行.
NOTIC: [2] max() [<a href='function.max'>function.max</a>]: When only one parameter is given, it must be an array D:\phpStudy\WWW\weicn\Runtime\Cache\Admin\6de8d746b380c6d7eec580ef742aea45.php 第 208 行.
SQL: SELECT `turn_related` FROM `onethink_case` WHERE ( `id` = 831 ) LIMIT 1   [ RunTime:0.001000s ]
NOTIC: [8] unserialize() [<a href='function.unserialize'>function.unserialize</a>]: Error at offset 11 of 15 bytes D:\phpStudy\WWW\weicn\Application\Admin\Common\function.php 第 453 行.
NOTIC: [8] unserialize() [<a href='function.unserialize'>function.unserialize</a>]: Error at offset 0 of 1 bytes D:\phpStudy\WWW\weicn\Runtime\Cache\Admin\6de8d746b380c6d7eec580ef742aea45.php 第 202 行.
NOTIC: [2] Invalid argument supplied for foreach() D:\phpStudy\WWW\weicn\Runtime\Cache\Admin\6de8d746b380c6d7eec580ef742aea45.php 第 202 行.
NOTIC: [2] Invalid argument supplied for foreach() D:\phpStudy\WWW\weicn\Runtime\Cache\Admin\6de8d746b380c6d7eec580ef742aea45.php 第 206 行.
NOTIC: [8] Undefined variable: str D:\phpStudy\WWW\weicn\Runtime\Cache\Admin\6de8d746b380c6d7eec580ef742aea45.php 第 206 行.
NOTIC: [2] max() [<a href='function.max'>function.max</a>]: When only one parameter is given, it must be an array D:\phpStudy\WWW\weicn\Runtime\Cache\Admin\6de8d746b380c6d7eec580ef742aea45.php 第 206 行.
NOTIC: [8] Undefined index: growth_dilemmass D:\phpStudy\WWW\weicn\Runtime\Cache\Admin\6de8d746b380c6d7eec580ef742aea45.php 第 208 行.
NOTIC: [2] Invalid argument supplied for foreach() D:\phpStudy\WWW\weicn\Runtime\Cache\Admin\6de8d746b380c6d7eec580ef742aea45.php 第 208 行.
NOTIC: [8] Undefined variable: strss D:\phpStudy\WWW\weicn\Runtime\Cache\Admin\6de8d746b380c6d7eec580ef742aea45.php 第 208 行.
NOTIC: [2] max() [<a href='function.max'>function.max</a>]: When only one parameter is given, it must be an array D:\phpStudy\WWW\weicn\Runtime\Cache\Admin\6de8d746b380c6d7eec580ef742aea45.php 第 208 行.
SQL: SELECT `turn_related` FROM `onethink_case` WHERE ( `id` = 833 ) LIMIT 1   [ RunTime:0.001000s ]
NOTIC: [8] unserialize() [<a href='function.unserialize'>function.unserialize</a>]: Error at offset 11 of 15 bytes D:\phpStudy\WWW\weicn\Application\Admin\Common\function.php 第 453 行.
NOTIC: [8] unserialize() [<a href='function.unserialize'>function.unserialize</a>]: Error at offset 0 of 1 bytes D:\phpStudy\WWW\weicn\Runtime\Cache\Admin\6de8d746b380c6d7eec580ef742aea45.php 第 202 行.
NOTIC: [2] Invalid argument supplied for foreach() D:\phpStudy\WWW\weicn\Runtime\Cache\Admin\6de8d746b380c6d7eec580ef742aea45.php 第 202 行.
NOTIC: [2] Invalid argument supplied for foreach() D:\phpStudy\WWW\weicn\Runtime\Cache\Admin\6de8d746b380c6d7eec580ef742aea45.php 第 206 行.
NOTIC: [8] Undefined variable: str D:\phpStudy\WWW\weicn\Runtime\Cache\Admin\6de8d746b380c6d7eec580ef742aea45.php 第 206 行.
NOTIC: [2] max() [<a href='function.max'>function.max</a>]: When only one parameter is given, it must be an array D:\phpStudy\WWW\weicn\Runtime\Cache\Admin\6de8d746b380c6d7eec580ef742aea45.php 第 206 行.
NOTIC: [2] Invalid argument supplied for foreach() D:\phpStudy\WWW\weicn\Runtime\Cache\Admin\6de8d746b380c6d7eec580ef742aea45.php 第 207 行.
NOTIC: [8] Undefined index: growth_dilemmass D:\phpStudy\WWW\weicn\Runtime\Cache\Admin\6de8d746b380c6d7eec580ef742aea45.php 第 208 行.
NOTIC: [2] Invalid argument supplied for foreach() D:\phpStudy\WWW\weicn\Runtime\Cache\Admin\6de8d746b380c6d7eec580ef742aea45.php 第 208 行.
NOTIC: [8] Undefined variable: strss D:\phpStudy\WWW\weicn\Runtime\Cache\Admin\6de8d746b380c6d7eec580ef742aea45.php 第 208 行.
NOTIC: [2] max() [<a href='function.max'>function.max</a>]: When only one parameter is given, it must be an array D:\phpStudy\WWW\weicn\Runtime\Cache\Admin\6de8d746b380c6d7eec580ef742aea45.php 第 208 行.
SQL: SELECT `turn_related` FROM `onethink_case` WHERE ( `id` = 830 ) LIMIT 1   [ RunTime:0.001000s ]
NOTIC: [8] unserialize() [<a href='function.unserialize'>function.unserialize</a>]: Error at offset 11 of 15 bytes D:\phpStudy\WWW\weicn\Application\Admin\Common\function.php 第 453 行.
NOTIC: [8] unserialize() [<a href='function.unserialize'>function.unserialize</a>]: Error at offset 0 of 1 bytes D:\phpStudy\WWW\weicn\Runtime\Cache\Admin\6de8d746b380c6d7eec580ef742aea45.php 第 202 行.
NOTIC: [2] Invalid argument supplied for foreach() D:\phpStudy\WWW\weicn\Runtime\Cache\Admin\6de8d746b380c6d7eec580ef742aea45.php 第 202 行.
NOTIC: [2] Invalid argument supplied for foreach() D:\phpStudy\WWW\weicn\Runtime\Cache\Admin\6de8d746b380c6d7eec580ef742aea45.php 第 206 行.
NOTIC: [8] Undefined variable: str D:\phpStudy\WWW\weicn\Runtime\Cache\Admin\6de8d746b380c6d7eec580ef742aea45.php 第 206 行.
NOTIC: [2] max() [<a href='function.max'>function.max</a>]: When only one parameter is given, it must be an array D:\phpStudy\WWW\weicn\Runtime\Cache\Admin\6de8d746b380c6d7eec580ef742aea45.php 第 206 行.
NOTIC: [2] Invalid argument supplied for foreach() D:\phpStudy\WWW\weicn\Runtime\Cache\Admin\6de8d746b380c6d7eec580ef742aea45.php 第 207 行.
NOTIC: [8] Undefined index: growth_dilemmass D:\phpStudy\WWW\weicn\Runtime\Cache\Admin\6de8d746b380c6d7eec580ef742aea45.php 第 208 行.
NOTIC: [2] Invalid argument supplied for foreach() D:\phpStudy\WWW\weicn\Runtime\Cache\Admin\6de8d746b380c6d7eec580ef742aea45.php 第 208 行.
NOTIC: [8] Undefined variable: strss D:\phpStudy\WWW\weicn\Runtime\Cache\Admin\6de8d746b380c6d7eec580ef742aea45.php 第 208 行.
NOTIC: [2] max() [<a href='function.max'>function.max</a>]: When only one parameter is given, it must be an array D:\phpStudy\WWW\weicn\Runtime\Cache\Admin\6de8d746b380c6d7eec580ef742aea45.php 第 208 行.
SQL: SELECT `turn_related` FROM `onethink_case` WHERE ( `id` = 829 ) LIMIT 1   [ RunTime:0.001000s ]
NOTIC: [8] unserialize() [<a href='function.unserialize'>function.unserialize</a>]: Error at offset 11 of 15 bytes D:\phpStudy\WWW\weicn\Application\Admin\Common\function.php 第 453 行.
NOTIC: [8] unserialize() [<a href='function.unserialize'>function.unserialize</a>]: Error at offset 0 of 1 bytes D:\phpStudy\WWW\weicn\Runtime\Cache\Admin\6de8d746b380c6d7eec580ef742aea45.php 第 202 行.
NOTIC: [2] Invalid argument supplied for foreach() D:\phpStudy\WWW\weicn\Runtime\Cache\Admin\6de8d746b380c6d7eec580ef742aea45.php 第 202 行.
NOTIC: [2] Invalid argument supplied for foreach() D:\phpStudy\WWW\weicn\Runtime\Cache\Admin\6de8d746b380c6d7eec580ef742aea45.php 第 206 行.
NOTIC: [8] Undefined variable: str D:\phpStudy\WWW\weicn\Runtime\Cache\Admin\6de8d746b380c6d7eec580ef742aea45.php 第 206 行.
NOTIC: [2] max() [<a href='function.max'>function.max</a>]: When only one parameter is given, it must be an array D:\phpStudy\WWW\weicn\Runtime\Cache\Admin\6de8d746b380c6d7eec580ef742aea45.php 第 206 行.
NOTIC: [2] Invalid argument supplied for foreach() D:\phpStudy\WWW\weicn\Runtime\Cache\Admin\6de8d746b380c6d7eec580ef742aea45.php 第 207 行.
NOTIC: [8] Undefined index: growth_dilemmass D:\phpStudy\WWW\weicn\Runtime\Cache\Admin\6de8d746b380c6d7eec580ef742aea45.php 第 208 行.
NOTIC: [2] Invalid argument supplied for foreach() D:\phpStudy\WWW\weicn\Runtime\Cache\Admin\6de8d746b380c6d7eec580ef742aea45.php 第 208 行.
NOTIC: [8] Undefined variable: strss D:\phpStudy\WWW\weicn\Runtime\Cache\Admin\6de8d746b380c6d7eec580ef742aea45.php 第 208 行.
NOTIC: [2] max() [<a href='function.max'>function.max</a>]: When only one parameter is given, it must be an array D:\phpStudy\WWW\weicn\Runtime\Cache\Admin\6de8d746b380c6d7eec580ef742aea45.php 第 208 行.
SQL: SELECT `turn_related` FROM `onethink_case` WHERE ( `id` = 828 ) LIMIT 1   [ RunTime:0.001000s ]
NOTIC: [8] unserialize() [<a href='function.unserialize'>function.unserialize</a>]: Error at offset 11 of 15 bytes D:\phpStudy\WWW\weicn\Application\Admin\Common\function.php 第 453 行.
NOTIC: [8] unserialize() [<a href='function.unserialize'>function.unserialize</a>]: Error at offset 0 of 1 bytes D:\phpStudy\WWW\weicn\Runtime\Cache\Admin\6de8d746b380c6d7eec580ef742aea45.php 第 202 行.
NOTIC: [2] Invalid argument supplied for foreach() D:\phpStudy\WWW\weicn\Runtime\Cache\Admin\6de8d746b380c6d7eec580ef742aea45.php 第 202 行.
NOTIC: [2] Invalid argument supplied for foreach() D:\phpStudy\WWW\weicn\Runtime\Cache\Admin\6de8d746b380c6d7eec580ef742aea45.php 第 206 行.
NOTIC: [8] Undefined variable: str D:\phpStudy\WWW\weicn\Runtime\Cache\Admin\6de8d746b380c6d7eec580ef742aea45.php 第 206 行.
NOTIC: [2] max() [<a href='function.max'>function.max</a>]: When only one parameter is given, it must be an array D:\phpStudy\WWW\weicn\Runtime\Cache\Admin\6de8d746b380c6d7eec580ef742aea45.php 第 206 行.
NOTIC: [2] Invalid argument supplied for foreach() D:\phpStudy\WWW\weicn\Runtime\Cache\Admin\6de8d746b380c6d7eec580ef742aea45.php 第 207 行.
NOTIC: [8] Undefined index: growth_dilemmass D:\phpStudy\WWW\weicn\Runtime\Cache\Admin\6de8d746b380c6d7eec580ef742aea45.php 第 208 行.
NOTIC: [2] Invalid argument supplied for foreach() D:\phpStudy\WWW\weicn\Runtime\Cache\Admin\6de8d746b380c6d7eec580ef742aea45.php 第 208 行.
NOTIC: [8] Undefined variable: strss D:\phpStudy\WWW\weicn\Runtime\Cache\Admin\6de8d746b380c6d7eec580ef742aea45.php 第 208 行.
NOTIC: [2] max() [<a href='function.max'>function.max</a>]: When only one parameter is given, it must be an array D:\phpStudy\WWW\weicn\Runtime\Cache\Admin\6de8d746b380c6d7eec580ef742aea45.php 第 208 行.
SQL: SELECT `turn_related` FROM `onethink_case` WHERE ( `id` = 827 ) LIMIT 1   [ RunTime:0.001000s ]
NOTIC: [8] unserialize() [<a href='function.unserialize'>function.unserialize</a>]: Error at offset 11 of 15 bytes D:\phpStudy\WWW\weicn\Application\Admin\Common\function.php 第 453 行.
SQL: SELECT `health_other` FROM `onethink_case` WHERE ( `id` = 826 ) LIMIT 1   [ RunTime:0.000000s ]
ERR: 1054:Unknown column 'health_other' in 'field list'
 [ SQL语句 ] : SELECT `health_other` FROM `onethink_case` WHERE ( `id` = 826 ) LIMIT 1  
NOTIC: [2] Invalid argument supplied for foreach() D:\phpStudy\WWW\weicn\Runtime\Cache\Admin\6de8d746b380c6d7eec580ef742aea45.php 第 206 行.
NOTIC: [8] Undefined variable: str D:\phpStudy\WWW\weicn\Runtime\Cache\Admin\6de8d746b380c6d7eec580ef742aea45.php 第 206 行.
NOTIC: [2] max() [<a href='function.max'>function.max</a>]: When only one parameter is given, it must be an array D:\phpStudy\WWW\weicn\Runtime\Cache\Admin\6de8d746b380c6d7eec580ef742aea45.php 第 206 行.
NOTIC: [2] Invalid argument supplied for foreach() D:\phpStudy\WWW\weicn\Runtime\Cache\Admin\6de8d746b380c6d7eec580ef742aea45.php 第 207 行.
NOTIC: [8] Undefined index: growth_dilemmass D:\phpStudy\WWW\weicn\Runtime\Cache\Admin\6de8d746b380c6d7eec580ef742aea45.php 第 208 行.
NOTIC: [2] Invalid argument supplied for foreach() D:\phpStudy\WWW\weicn\Runtime\Cache\Admin\6de8d746b380c6d7eec580ef742aea45.php 第 208 行.
NOTIC: [8] Undefined variable: strss D:\phpStudy\WWW\weicn\Runtime\Cache\Admin\6de8d746b380c6d7eec580ef742aea45.php 第 208 行.
NOTIC: [2] max() [<a href='function.max'>function.max</a>]: When only one parameter is given, it must be an array D:\phpStudy\WWW\weicn\Runtime\Cache\Admin\6de8d746b380c6d7eec580ef742aea45.php 第 208 行.
SQL: SELECT `turn_related` FROM `onethink_case` WHERE ( `id` = 826 ) LIMIT 1   [ RunTime:0.000000s ]
NOTIC: [8] unserialize() [<a href='function.unserialize'>function.unserialize</a>]: Error at offset 11 of 15 bytes D:\phpStudy\WWW\weicn\Application\Admin\Common\function.php 第 453 行.
NOTIC: [8] unserialize() [<a href='function.unserialize'>function.unserialize</a>]: Error at offset 0 of 1 bytes D:\phpStudy\WWW\weicn\Runtime\Cache\Admin\6de8d746b380c6d7eec580ef742aea45.php 第 202 行.
NOTIC: [2] Invalid argument supplied for foreach() D:\phpStudy\WWW\weicn\Runtime\Cache\Admin\6de8d746b380c6d7eec580ef742aea45.php 第 202 行.
NOTIC: [2] Invalid argument supplied for foreach() D:\phpStudy\WWW\weicn\Runtime\Cache\Admin\6de8d746b380c6d7eec580ef742aea45.php 第 206 行.
NOTIC: [8] Undefined variable: str D:\phpStudy\WWW\weicn\Runtime\Cache\Admin\6de8d746b380c6d7eec580ef742aea45.php 第 206 行.
NOTIC: [2] max() [<a href='function.max'>function.max</a>]: When only one parameter is given, it must be an array D:\phpStudy\WWW\weicn\Runtime\Cache\Admin\6de8d746b380c6d7eec580ef742aea45.php 第 206 行.
NOTIC: [2] Invalid argument supplied for foreach() D:\phpStudy\WWW\weicn\Runtime\Cache\Admin\6de8d746b380c6d7eec580ef742aea45.php 第 207 行.
NOTIC: [8] Undefined index: growth_dilemmass D:\phpStudy\WWW\weicn\Runtime\Cache\Admin\6de8d746b380c6d7eec580ef742aea45.php 第 208 行.
NOTIC: [2] Invalid argument supplied for foreach() D:\phpStudy\WWW\weicn\Runtime\Cache\Admin\6de8d746b380c6d7eec580ef742aea45.php 第 208 行.
NOTIC: [8] Undefined variable: strss D:\phpStudy\WWW\weicn\Runtime\Cache\Admin\6de8d746b380c6d7eec580ef742aea45.php 第 208 行.
NOTIC: [2] max() [<a href='function.max'>function.max</a>]: When only one parameter is given, it must be an array D:\phpStudy\WWW\weicn\Runtime\Cache\Admin\6de8d746b380c6d7eec580ef742aea45.php 第 208 行.
SQL: SELECT `turn_related` FROM `onethink_case` WHERE ( `id` = 825 ) LIMIT 1   [ RunTime:0.000000s ]
NOTIC: [8] unserialize() [<a href='function.unserialize'>function.unserialize</a>]: Error at offset 11 of 15 bytes D:\phpStudy\WWW\weicn\Application\Admin\Common\function.php 第 453 行.
NOTIC: [8] unserialize() [<a href='function.unserialize'>function.unserialize</a>]: Error at offset 0 of 1 bytes D:\phpStudy\WWW\weicn\Runtime\Cache\Admin\6de8d746b380c6d7eec580ef742aea45.php 第 202 行.
NOTIC: [2] Invalid argument supplied for foreach() D:\phpStudy\WWW\weicn\Runtime\Cache\Admin\6de8d746b380c6d7eec580ef742aea45.php 第 202 行.
NOTIC: [2] Invalid argument supplied for foreach() D:\phpStudy\WWW\weicn\Runtime\Cache\Admin\6de8d746b380c6d7eec580ef742aea45.php 第 206 行.
NOTIC: [8] Undefined variable: str D:\phpStudy\WWW\weicn\Runtime\Cache\Admin\6de8d746b380c6d7eec580ef742aea45.php 第 206 行.
NOTIC: [2] max() [<a href='function.max'>function.max</a>]: When only one parameter is given, it must be an array D:\phpStudy\WWW\weicn\Runtime\Cache\Admin\6de8d746b380c6d7eec580ef742aea45.php 第 206 行.
NOTIC: [2] Invalid argument supplied for foreach() D:\phpStudy\WWW\weicn\Runtime\Cache\Admin\6de8d746b380c6d7eec580ef742aea45.php 第 207 行.
NOTIC: [8] Undefined index: growth_dilemmass D:\phpStudy\WWW\weicn\Runtime\Cache\Admin\6de8d746b380c6d7eec580ef742aea45.php 第 208 行.
NOTIC: [2] Invalid argument supplied for foreach() D:\phpStudy\WWW\weicn\Runtime\Cache\Admin\6de8d746b380c6d7eec580ef742aea45.php 第 208 行.
NOTIC: [8] Undefined variable: strss D:\phpStudy\WWW\weicn\Runtime\Cache\Admin\6de8d746b380c6d7eec580ef742aea45.php 第 208 行.
NOTIC: [2] max() [<a href='function.max'>function.max</a>]: When only one parameter is given, it must be an array D:\phpStudy\WWW\weicn\Runtime\Cache\Admin\6de8d746b380c6d7eec580ef742aea45.php 第 208 行.
SQL: SELECT `turn_related` FROM `onethink_case` WHERE ( `id` = 824 ) LIMIT 1   [ RunTime:0.000000s ]
NOTIC: [8] unserialize() [<a href='function.unserialize'>function.unserialize</a>]: Error at offset 11 of 15 bytes D:\phpStudy\WWW\weicn\Application\Admin\Common\function.php 第 453 行.
NOTIC: [2] Invalid argument supplied for foreach() D:\phpStudy\WWW\weicn\Runtime\Cache\Admin\6de8d746b380c6d7eec580ef742aea45.php 第 202 行.
NOTIC: [2] Invalid argument supplied for foreach() D:\phpStudy\WWW\weicn\Runtime\Cache\Admin\6de8d746b380c6d7eec580ef742aea45.php 第 207 行.
NOTIC: [8] Undefined index: growth_dilemmass D:\phpStudy\WWW\weicn\Runtime\Cache\Admin\6de8d746b380c6d7eec580ef742aea45.php 第 208 行.
NOTIC: [2] Invalid argument supplied for foreach() D:\phpStudy\WWW\weicn\Runtime\Cache\Admin\6de8d746b380c6d7eec580ef742aea45.php 第 208 行.
NOTIC: [8] Undefined variable: strss D:\phpStudy\WWW\weicn\Runtime\Cache\Admin\6de8d746b380c6d7eec580ef742aea45.php 第 208 行.
NOTIC: [2] max() [<a href='function.max'>function.max</a>]: When only one parameter is given, it must be an array D:\phpStudy\WWW\weicn\Runtime\Cache\Admin\6de8d746b380c6d7eec580ef742aea45.php 第 208 行.
SQL: SELECT `turn_related` FROM `onethink_case` WHERE ( `id` = 797 ) LIMIT 1   [ RunTime:0.001000s ]
NOTIC: [8] unserialize() [<a href='function.unserialize'>function.unserialize</a>]: Error at offset 11 of 15 bytes D:\phpStudy\WWW\weicn\Application\Admin\Common\function.php 第 453 行.
NOTIC: [8] unserialize() [<a href='function.unserialize'>function.unserialize</a>]: Error at offset 0 of 1 bytes D:\phpStudy\WWW\weicn\Runtime\Cache\Admin\6de8d746b380c6d7eec580ef742aea45.php 第 202 行.
NOTIC: [2] Invalid argument supplied for foreach() D:\phpStudy\WWW\weicn\Runtime\Cache\Admin\6de8d746b380c6d7eec580ef742aea45.php 第 202 行.
NOTIC: [2] Invalid argument supplied for foreach() D:\phpStudy\WWW\weicn\Runtime\Cache\Admin\6de8d746b380c6d7eec580ef742aea45.php 第 207 行.
NOTIC: [8] Undefined index: growth_dilemmass D:\phpStudy\WWW\weicn\Runtime\Cache\Admin\6de8d746b380c6d7eec580ef742aea45.php 第 208 行.
NOTIC: [2] Invalid argument supplied for foreach() D:\phpStudy\WWW\weicn\Runtime\Cache\Admin\6de8d746b380c6d7eec580ef742aea45.php 第 208 行.
NOTIC: [8] Undefined variable: strss D:\phpStudy\WWW\weicn\Runtime\Cache\Admin\6de8d746b380c6d7eec580ef742aea45.php 第 208 行.
NOTIC: [2] max() [<a href='function.max'>function.max</a>]: When only one parameter is given, it must be an array D:\phpStudy\WWW\weicn\Runtime\Cache\Admin\6de8d746b380c6d7eec580ef742aea45.php 第 208 行.
SQL: SELECT `turn_related` FROM `onethink_case` WHERE ( `id` = 823 ) LIMIT 1   [ RunTime:0.000000s ]
NOTIC: [8] unserialize() [<a href='function.unserialize'>function.unserialize</a>]: Error at offset 11 of 15 bytes D:\phpStudy\WWW\weicn\Application\Admin\Common\function.php 第 453 行.
SQL: SELECT `health_other` FROM `onethink_case` WHERE ( `id` = 822 ) LIMIT 1   [ RunTime:0.000000s ]
ERR: 1054:Unknown column 'health_other' in 'field list'
 [ SQL语句 ] : SELECT `health_other` FROM `onethink_case` WHERE ( `id` = 822 ) LIMIT 1  
NOTIC: [2] Invalid argument supplied for foreach() D:\phpStudy\WWW\weicn\Runtime\Cache\Admin\6de8d746b380c6d7eec580ef742aea45.php 第 207 行.
NOTIC: [8] Undefined index: growth_dilemmass D:\phpStudy\WWW\weicn\Runtime\Cache\Admin\6de8d746b380c6d7eec580ef742aea45.php 第 208 行.
NOTIC: [2] Invalid argument supplied for foreach() D:\phpStudy\WWW\weicn\Runtime\Cache\Admin\6de8d746b380c6d7eec580ef742aea45.php 第 208 行.
NOTIC: [8] Undefined variable: strss D:\phpStudy\WWW\weicn\Runtime\Cache\Admin\6de8d746b380c6d7eec580ef742aea45.php 第 208 行.
NOTIC: [2] max() [<a href='function.max'>function.max</a>]: When only one parameter is given, it must be an array D:\phpStudy\WWW\weicn\Runtime\Cache\Admin\6de8d746b380c6d7eec580ef742aea45.php 第 208 行.
SQL: SELECT `turn_related` FROM `onethink_case` WHERE ( `id` = 822 ) LIMIT 1   [ RunTime:0.000000s ]
NOTIC: [8] unserialize() [<a href='function.unserialize'>function.unserialize</a>]: Error at offset 11 of 15 bytes D:\phpStudy\WWW\weicn\Application\Admin\Common\function.php 第 453 行.
NOTIC: [8] unserialize() [<a href='function.unserialize'>function.unserialize</a>]: Error at offset 0 of 1 bytes D:\phpStudy\WWW\weicn\Runtime\Cache\Admin\6de8d746b380c6d7eec580ef742aea45.php 第 202 行.
NOTIC: [2] Invalid argument supplied for foreach() D:\phpStudy\WWW\weicn\Runtime\Cache\Admin\6de8d746b380c6d7eec580ef742aea45.php 第 202 行.
NOTIC: [2] Invalid argument supplied for foreach() D:\phpStudy\WWW\weicn\Runtime\Cache\Admin\6de8d746b380c6d7eec580ef742aea45.php 第 207 行.
NOTIC: [8] Undefined index: growth_dilemmass D:\phpStudy\WWW\weicn\Runtime\Cache\Admin\6de8d746b380c6d7eec580ef742aea45.php 第 208 行.
NOTIC: [2] Invalid argument supplied for foreach() D:\phpStudy\WWW\weicn\Runtime\Cache\Admin\6de8d746b380c6d7eec580ef742aea45.php 第 208 行.
NOTIC: [8] Undefined variable: strss D:\phpStudy\WWW\weicn\Runtime\Cache\Admin\6de8d746b380c6d7eec580ef742aea45.php 第 208 行.
NOTIC: [2] max() [<a href='function.max'>function.max</a>]: When only one parameter is given, it must be an array D:\phpStudy\WWW\weicn\Runtime\Cache\Admin\6de8d746b380c6d7eec580ef742aea45.php 第 208 行.
SQL: SELECT `turn_related` FROM `onethink_case` WHERE ( `id` = 821 ) LIMIT 1   [ RunTime:0.000000s ]
NOTIC: [8] unserialize() [<a href='function.unserialize'>function.unserialize</a>]: Error at offset 11 of 15 bytes D:\phpStudy\WWW\weicn\Application\Admin\Common\function.php 第 453 行.
NOTIC: [8] unserialize() [<a href='function.unserialize'>function.unserialize</a>]: Error at offset 0 of 1 bytes D:\phpStudy\WWW\weicn\Runtime\Cache\Admin\6de8d746b380c6d7eec580ef742aea45.php 第 202 行.
NOTIC: [2] Invalid argument supplied for foreach() D:\phpStudy\WWW\weicn\Runtime\Cache\Admin\6de8d746b380c6d7eec580ef742aea45.php 第 202 行.
NOTIC: [2] Invalid argument supplied for foreach() D:\phpStudy\WWW\weicn\Runtime\Cache\Admin\6de8d746b380c6d7eec580ef742aea45.php 第 207 行.
NOTIC: [8] Undefined index: growth_dilemmass D:\phpStudy\WWW\weicn\Runtime\Cache\Admin\6de8d746b380c6d7eec580ef742aea45.php 第 208 行.
NOTIC: [2] Invalid argument supplied for foreach() D:\phpStudy\WWW\weicn\Runtime\Cache\Admin\6de8d746b380c6d7eec580ef742aea45.php 第 208 行.
NOTIC: [8] Undefined variable: strss D:\phpStudy\WWW\weicn\Runtime\Cache\Admin\6de8d746b380c6d7eec580ef742aea45.php 第 208 行.
NOTIC: [2] max() [<a href='function.max'>function.max</a>]: When only one parameter is given, it must be an array D:\phpStudy\WWW\weicn\Runtime\Cache\Admin\6de8d746b380c6d7eec580ef742aea45.php 第 208 行.
SQL: SELECT `turn_related` FROM `onethink_case` WHERE ( `id` = 820 ) LIMIT 1   [ RunTime:0.001000s ]
NOTIC: [8] unserialize() [<a href='function.unserialize'>function.unserialize</a>]: Error at offset 11 of 15 bytes D:\phpStudy\WWW\weicn\Application\Admin\Common\function.php 第 453 行.
SQL: SELECT `health_other` FROM `onethink_case` WHERE ( `id` = 819 ) LIMIT 1   [ RunTime:0.000000s ]
ERR: 1054:Unknown column 'health_other' in 'field list'
 [ SQL语句 ] : SELECT `health_other` FROM `onethink_case` WHERE ( `id` = 819 ) LIMIT 1  
NOTIC: [2] Invalid argument supplied for foreach() D:\phpStudy\WWW\weicn\Runtime\Cache\Admin\6de8d746b380c6d7eec580ef742aea45.php 第 207 行.
NOTIC: [8] Undefined index: growth_dilemmass D:\phpStudy\WWW\weicn\Runtime\Cache\Admin\6de8d746b380c6d7eec580ef742aea45.php 第 208 行.
NOTIC: [2] Invalid argument supplied for foreach() D:\phpStudy\WWW\weicn\Runtime\Cache\Admin\6de8d746b380c6d7eec580ef742aea45.php 第 208 行.
NOTIC: [8] Undefined variable: strss D:\phpStudy\WWW\weicn\Runtime\Cache\Admin\6de8d746b380c6d7eec580ef742aea45.php 第 208 行.
NOTIC: [2] max() [<a href='function.max'>function.max</a>]: When only one parameter is given, it must be an array D:\phpStudy\WWW\weicn\Runtime\Cache\Admin\6de8d746b380c6d7eec580ef742aea45.php 第 208 行.
SQL: SELECT `turn_related` FROM `onethink_case` WHERE ( `id` = 819 ) LIMIT 1   [ RunTime:0.000000s ]
NOTIC: [8] unserialize() [<a href='function.unserialize'>function.unserialize</a>]: Error at offset 11 of 15 bytes D:\phpStudy\WWW\weicn\Application\Admin\Common\function.php 第 453 行.
NOTIC: [8] unserialize() [<a href='function.unserialize'>function.unserialize</a>]: Error at offset 0 of 1 bytes D:\phpStudy\WWW\weicn\Runtime\Cache\Admin\6de8d746b380c6d7eec580ef742aea45.php 第 202 行.
NOTIC: [2] Invalid argument supplied for foreach() D:\phpStudy\WWW\weicn\Runtime\Cache\Admin\6de8d746b380c6d7eec580ef742aea45.php 第 202 行.
NOTIC: [2] Invalid argument supplied for foreach() D:\phpStudy\WWW\weicn\Runtime\Cache\Admin\6de8d746b380c6d7eec580ef742aea45.php 第 207 行.
NOTIC: [8] Undefined index: growth_dilemmass D:\phpStudy\WWW\weicn\Runtime\Cache\Admin\6de8d746b380c6d7eec580ef742aea45.php 第 208 行.
NOTIC: [2] Invalid argument supplied for foreach() D:\phpStudy\WWW\weicn\Runtime\Cache\Admin\6de8d746b380c6d7eec580ef742aea45.php 第 208 行.
NOTIC: [8] Undefined variable: strss D:\phpStudy\WWW\weicn\Runtime\Cache\Admin\6de8d746b380c6d7eec580ef742aea45.php 第 208 行.
NOTIC: [2] max() [<a href='function.max'>function.max</a>]: When only one parameter is given, it must be an array D:\phpStudy\WWW\weicn\Runtime\Cache\Admin\6de8d746b380c6d7eec580ef742aea45.php 第 208 行.
SQL: SELECT `turn_related` FROM `onethink_case` WHERE ( `id` = 818 ) LIMIT 1   [ RunTime:0.000000s ]
NOTIC: [8] unserialize() [<a href='function.unserialize'>function.unserialize</a>]: Error at offset 11 of 15 bytes D:\phpStudy\WWW\weicn\Application\Admin\Common\function.php 第 453 行.
NOTIC: [8] unserialize() [<a href='function.unserialize'>function.unserialize</a>]: Error at offset 0 of 1 bytes D:\phpStudy\WWW\weicn\Runtime\Cache\Admin\6de8d746b380c6d7eec580ef742aea45.php 第 202 行.
NOTIC: [2] Invalid argument supplied for foreach() D:\phpStudy\WWW\weicn\Runtime\Cache\Admin\6de8d746b380c6d7eec580ef742aea45.php 第 202 行.
NOTIC: [2] Invalid argument supplied for foreach() D:\phpStudy\WWW\weicn\Runtime\Cache\Admin\6de8d746b380c6d7eec580ef742aea45.php 第 207 行.
NOTIC: [8] Undefined index: growth_dilemmass D:\phpStudy\WWW\weicn\Runtime\Cache\Admin\6de8d746b380c6d7eec580ef742aea45.php 第 208 行.
NOTIC: [2] Invalid argument supplied for foreach() D:\phpStudy\WWW\weicn\Runtime\Cache\Admin\6de8d746b380c6d7eec580ef742aea45.php 第 208 行.
NOTIC: [8] Undefined variable: strss D:\phpStudy\WWW\weicn\Runtime\Cache\Admin\6de8d746b380c6d7eec580ef742aea45.php 第 208 行.
NOTIC: [2] max() [<a href='function.max'>function.max</a>]: When only one parameter is given, it must be an array D:\phpStudy\WWW\weicn\Runtime\Cache\Admin\6de8d746b380c6d7eec580ef742aea45.php 第 208 行.
SQL: SELECT `turn_related` FROM `onethink_case` WHERE ( `id` = 817 ) LIMIT 1   [ RunTime:0.000000s ]
NOTIC: [8] unserialize() [<a href='function.unserialize'>function.unserialize</a>]: Error at offset 11 of 15 bytes D:\phpStudy\WWW\weicn\Application\Admin\Common\function.php 第 453 行.
NOTIC: [8] unserialize() [<a href='function.unserialize'>function.unserialize</a>]: Error at offset 0 of 1 bytes D:\phpStudy\WWW\weicn\Runtime\Cache\Admin\6de8d746b380c6d7eec580ef742aea45.php 第 202 行.
NOTIC: [2] Invalid argument supplied for foreach() D:\phpStudy\WWW\weicn\Runtime\Cache\Admin\6de8d746b380c6d7eec580ef742aea45.php 第 202 行.
NOTIC: [2] Invalid argument supplied for foreach() D:\phpStudy\WWW\weicn\Runtime\Cache\Admin\6de8d746b380c6d7eec580ef742aea45.php 第 207 行.
NOTIC: [8] Undefined index: growth_dilemmass D:\phpStudy\WWW\weicn\Runtime\Cache\Admin\6de8d746b380c6d7eec580ef742aea45.php 第 208 行.
NOTIC: [2] Invalid argument supplied for foreach() D:\phpStudy\WWW\weicn\Runtime\Cache\Admin\6de8d746b380c6d7eec580ef742aea45.php 第 208 行.
NOTIC: [8] Undefined variable: strss D:\phpStudy\WWW\weicn\Runtime\Cache\Admin\6de8d746b380c6d7eec580ef742aea45.php 第 208 行.
NOTIC: [2] max() [<a href='function.max'>function.max</a>]: When only one parameter is given, it must be an array D:\phpStudy\WWW\weicn\Runtime\Cache\Admin\6de8d746b380c6d7eec580ef742aea45.php 第 208 行.
SQL: SELECT `turn_related` FROM `onethink_case` WHERE ( `id` = 816 ) LIMIT 1   [ RunTime:0.000000s ]
NOTIC: [8] unserialize() [<a href='function.unserialize'>function.unserialize</a>]: Error at offset 11 of 15 bytes D:\phpStudy\WWW\weicn\Application\Admin\Common\function.php 第 453 行.
NOTIC: [8] unserialize() [<a href='function.unserialize'>function.unserialize</a>]: Error at offset 0 of 1 bytes D:\phpStudy\WWW\weicn\Runtime\Cache\Admin\6de8d746b380c6d7eec580ef742aea45.php 第 202 行.
NOTIC: [2] Invalid argument supplied for foreach() D:\phpStudy\WWW\weicn\Runtime\Cache\Admin\6de8d746b380c6d7eec580ef742aea45.php 第 202 行.
NOTIC: [2] Invalid argument supplied for foreach() D:\phpStudy\WWW\weicn\Runtime\Cache\Admin\6de8d746b380c6d7eec580ef742aea45.php 第 207 行.
NOTIC: [8] Undefined index: growth_dilemmass D:\phpStudy\WWW\weicn\Runtime\Cache\Admin\6de8d746b380c6d7eec580ef742aea45.php 第 208 行.
NOTIC: [2] Invalid argument supplied for foreach() D:\phpStudy\WWW\weicn\Runtime\Cache\Admin\6de8d746b380c6d7eec580ef742aea45.php 第 208 行.
NOTIC: [8] Undefined variable: strss D:\phpStudy\WWW\weicn\Runtime\Cache\Admin\6de8d746b380c6d7eec580ef742aea45.php 第 208 行.
NOTIC: [2] max() [<a href='function.max'>function.max</a>]: When only one parameter is given, it must be an array D:\phpStudy\WWW\weicn\Runtime\Cache\Admin\6de8d746b380c6d7eec580ef742aea45.php 第 208 行.
SQL: SELECT `turn_related` FROM `onethink_case` WHERE ( `id` = 815 ) LIMIT 1   [ RunTime:0.000000s ]
NOTIC: [8] unserialize() [<a href='function.unserialize'>function.unserialize</a>]: Error at offset 11 of 15 bytes D:\phpStudy\WWW\weicn\Application\Admin\Common\function.php 第 453 行.
NOTIC: [8] unserialize() [<a href='function.unserialize'>function.unserialize</a>]: Error at offset 0 of 1 bytes D:\phpStudy\WWW\weicn\Runtime\Cache\Admin\6de8d746b380c6d7eec580ef742aea45.php 第 202 行.
NOTIC: [2] Invalid argument supplied for foreach() D:\phpStudy\WWW\weicn\Runtime\Cache\Admin\6de8d746b380c6d7eec580ef742aea45.php 第 202 行.
NOTIC: [2] Invalid argument supplied for foreach() D:\phpStudy\WWW\weicn\Runtime\Cache\Admin\6de8d746b380c6d7eec580ef742aea45.php 第 207 行.
NOTIC: [8] Undefined index: growth_dilemmass D:\phpStudy\WWW\weicn\Runtime\Cache\Admin\6de8d746b380c6d7eec580ef742aea45.php 第 208 行.
NOTIC: [2] Invalid argument supplied for foreach() D:\phpStudy\WWW\weicn\Runtime\Cache\Admin\6de8d746b380c6d7eec580ef742aea45.php 第 208 行.
NOTIC: [8] Undefined variable: strss D:\phpStudy\WWW\weicn\Runtime\Cache\Admin\6de8d746b380c6d7eec580ef742aea45.php 第 208 行.
NOTIC: [2] max() [<a href='function.max'>function.max</a>]: When only one parameter is given, it must be an array D:\phpStudy\WWW\weicn\Runtime\Cache\Admin\6de8d746b380c6d7eec580ef742aea45.php 第 208 行.
SQL: SELECT `turn_related` FROM `onethink_case` WHERE ( `id` = 814 ) LIMIT 1   [ RunTime:0.001000s ]
NOTIC: [8] unserialize() [<a href='function.unserialize'>function.unserialize</a>]: Error at offset 11 of 15 bytes D:\phpStudy\WWW\weicn\Application\Admin\Common\function.php 第 453 行.
NOTIC: [8] unserialize() [<a href='function.unserialize'>function.unserialize</a>]: Error at offset 0 of 1 bytes D:\phpStudy\WWW\weicn\Runtime\Cache\Admin\6de8d746b380c6d7eec580ef742aea45.php 第 202 行.
NOTIC: [2] Invalid argument supplied for foreach() D:\phpStudy\WWW\weicn\Runtime\Cache\Admin\6de8d746b380c6d7eec580ef742aea45.php 第 202 行.
NOTIC: [2] Invalid argument supplied for foreach() D:\phpStudy\WWW\weicn\Runtime\Cache\Admin\6de8d746b380c6d7eec580ef742aea45.php 第 207 行.
NOTIC: [8] Undefined index: growth_dilemmass D:\phpStudy\WWW\weicn\Runtime\Cache\Admin\6de8d746b380c6d7eec580ef742aea45.php 第 208 行.
NOTIC: [2] Invalid argument supplied for foreach() D:\phpStudy\WWW\weicn\Runtime\Cache\Admin\6de8d746b380c6d7eec580ef742aea45.php 第 208 行.
NOTIC: [8] Undefined variable: strss D:\phpStudy\WWW\weicn\Runtime\Cache\Admin\6de8d746b380c6d7eec580ef742aea45.php 第 208 行.
NOTIC: [2] max() [<a href='function.max'>function.max</a>]: When only one parameter is given, it must be an array D:\phpStudy\WWW\weicn\Runtime\Cache\Admin\6de8d746b380c6d7eec580ef742aea45.php 第 208 行.
SQL: SELECT `turn_related` FROM `onethink_case` WHERE ( `id` = 813 ) LIMIT 1   [ RunTime:0.001000s ]
NOTIC: [8] unserialize() [<a href='function.unserialize'>function.unserialize</a>]: Error at offset 11 of 15 bytes D:\phpStudy\WWW\weicn\Application\Admin\Common\function.php 第 453 行.
NOTIC: [8] unserialize() [<a href='function.unserialize'>function.unserialize</a>]: Error at offset 0 of 1 bytes D:\phpStudy\WWW\weicn\Runtime\Cache\Admin\6de8d746b380c6d7eec580ef742aea45.php 第 202 行.
NOTIC: [2] Invalid argument supplied for foreach() D:\phpStudy\WWW\weicn\Runtime\Cache\Admin\6de8d746b380c6d7eec580ef742aea45.php 第 202 行.
NOTIC: [2] Invalid argument supplied for foreach() D:\phpStudy\WWW\weicn\Runtime\Cache\Admin\6de8d746b380c6d7eec580ef742aea45.php 第 207 行.
NOTIC: [8] Undefined index: growth_dilemmass D:\phpStudy\WWW\weicn\Runtime\Cache\Admin\6de8d746b380c6d7eec580ef742aea45.php 第 208 行.
NOTIC: [2] Invalid argument supplied for foreach() D:\phpStudy\WWW\weicn\Runtime\Cache\Admin\6de8d746b380c6d7eec580ef742aea45.php 第 208 行.
NOTIC: [8] Undefined variable: strss D:\phpStudy\WWW\weicn\Runtime\Cache\Admin\6de8d746b380c6d7eec580ef742aea45.php 第 208 行.
NOTIC: [2] max() [<a href='function.max'>function.max</a>]: When only one parameter is given, it must be an array D:\phpStudy\WWW\weicn\Runtime\Cache\Admin\6de8d746b380c6d7eec580ef742aea45.php 第 208 行.
SQL: SELECT `turn_related` FROM `onethink_case` WHERE ( `id` = 811 ) LIMIT 1   [ RunTime:0.000000s ]
NOTIC: [8] unserialize() [<a href='function.unserialize'>function.unserialize</a>]: Error at offset 11 of 15 bytes D:\phpStudy\WWW\weicn\Application\Admin\Common\function.php 第 453 行.
SQL: SELECT `health_other` FROM `onethink_case` WHERE ( `id` = 810 ) LIMIT 1   [ RunTime:0.000000s ]
ERR: 1054:Unknown column 'health_other' in 'field list'
 [ SQL语句 ] : SELECT `health_other` FROM `onethink_case` WHERE ( `id` = 810 ) LIMIT 1  
NOTIC: [2] Invalid argument supplied for foreach() D:\phpStudy\WWW\weicn\Runtime\Cache\Admin\6de8d746b380c6d7eec580ef742aea45.php 第 207 行.
NOTIC: [8] Undefined index: growth_dilemmass D:\phpStudy\WWW\weicn\Runtime\Cache\Admin\6de8d746b380c6d7eec580ef742aea45.php 第 208 行.
NOTIC: [2] Invalid argument supplied for foreach() D:\phpStudy\WWW\weicn\Runtime\Cache\Admin\6de8d746b380c6d7eec580ef742aea45.php 第 208 行.
NOTIC: [8] Undefined variable: strss D:\phpStudy\WWW\weicn\Runtime\Cache\Admin\6de8d746b380c6d7eec580ef742aea45.php 第 208 行.
NOTIC: [2] max() [<a href='function.max'>function.max</a>]: When only one parameter is given, it must be an array D:\phpStudy\WWW\weicn\Runtime\Cache\Admin\6de8d746b380c6d7eec580ef742aea45.php 第 208 行.
SQL: SELECT `turn_related` FROM `onethink_case` WHERE ( `id` = 810 ) LIMIT 1   [ RunTime:0.001000s ]
NOTIC: [8] unserialize() [<a href='function.unserialize'>function.unserialize</a>]: Error at offset 11 of 15 bytes D:\phpStudy\WWW\weicn\Application\Admin\Common\function.php 第 453 行.
NOTIC: [8] unserialize() [<a href='function.unserialize'>function.unserialize</a>]: Error at offset 0 of 1 bytes D:\phpStudy\WWW\weicn\Runtime\Cache\Admin\6de8d746b380c6d7eec580ef742aea45.php 第 202 行.
NOTIC: [2] Invalid argument supplied for foreach() D:\phpStudy\WWW\weicn\Runtime\Cache\Admin\6de8d746b380c6d7eec580ef742aea45.php 第 202 行.
NOTIC: [2] Invalid argument supplied for foreach() D:\phpStudy\WWW\weicn\Runtime\Cache\Admin\6de8d746b380c6d7eec580ef742aea45.php 第 207 行.
NOTIC: [8] Undefined index: growth_dilemmass D:\phpStudy\WWW\weicn\Runtime\Cache\Admin\6de8d746b380c6d7eec580ef742aea45.php 第 208 行.
NOTIC: [2] Invalid argument supplied for foreach() D:\phpStudy\WWW\weicn\Runtime\Cache\Admin\6de8d746b380c6d7eec580ef742aea45.php 第 208 行.
NOTIC: [8] Undefined variable: strss D:\phpStudy\WWW\weicn\Runtime\Cache\Admin\6de8d746b380c6d7eec580ef742aea45.php 第 208 行.
NOTIC: [2] max() [<a href='function.max'>function.max</a>]: When only one parameter is given, it must be an array D:\phpStudy\WWW\weicn\Runtime\Cache\Admin\6de8d746b380c6d7eec580ef742aea45.php 第 208 行.
SQL: SELECT `turn_related` FROM `onethink_case` WHERE ( `id` = 809 ) LIMIT 1   [ RunTime:0.000000s ]
SQL: SELECT `region_name` FROM `onethink_area_top` WHERE ( `region_id` = 0 ) LIMIT 1   [ RunTime:0.000000s ]
INFO: Run Behavior\ParseTemplate [ RunTime:0.046003s ]
INFO: [ view_parse ] --END-- [ RunTime:0.046003s ]
INFO: [ view_filter ] --START--
INFO: Run Behavior\WriteHtmlCache [ RunTime:0.000000s ]
INFO: [ view_filter ] --END-- [ RunTime:0.000000s ]
INFO: [ app_end ] --START--
INFO: Run Behavior\ShowPageTrace [ RunTime:0.001000s ]
INFO: [ app_end ] --END-- [ RunTime:0.001000s ]

[ 2017-09-26T18:10:58+08:00 ] ::1 /weicn/index.php?s=/Index/index.html
SQL: SHOW COLUMNS FROM `onethink_menu` [ RunTime:0.004000s ]
SQL: SELECT * FROM `onethink_menu` WHERE ( `pid` = 0 ) AND ( `hide` = 0 ) ORDER BY sort asc  [ RunTime:0.001000s ]
SQL: SELECT `id` FROM `onethink_menu` WHERE ( url like '%Index/index%' ) LIMIT 1   [ RunTime:0.000000s ]
SQL: SHOW COLUMNS FROM `onethink_menu` [ RunTime:0.005000s ]
SQL: SELECT `id`,`pid`,`title` FROM `onethink_menu` WHERE ( id=1 ) LIMIT 1   [ RunTime:0.000000s ]
SQL: SELECT DISTINCT  `group` FROM `onethink_menu` WHERE ( pid = 1 )  [ RunTime:0.001000s ]
SQL: SELECT `id`,`url` FROM `onethink_menu` WHERE ( `pid` = 1 ) AND ( `hide` = 0 )  [ RunTime:0.000000s ]
SQL: SHOW COLUMNS FROM `onethink_auth_group_access` [ RunTime:0.005000s ]
SQL: SELECT `group_id` FROM `onethink_auth_group_access` WHERE ( `uid` = 1 ) LIMIT 1   [ RunTime:0.000000s ]
SQL: SHOW COLUMNS FROM `onethink_case` [ RunTime:0.008001s ]
SQL: SELECT * FROM `onethink_case`  [ RunTime:0.005000s ]
INFO: [ view_parse ] --START--
INFO: [ template_filter ] --START--
INFO: Run Behavior\ContentReplace [ RunTime:0.000000s ]
INFO: [ template_filter ] --END-- [ RunTime:0.000000s ]
NOTIC: [8] Undefined variable: zaichu D:\phpStudy\WWW\weicn\Runtime\Cache\Admin\b595b808c2ebeeeb0478ffc30bb4e87a.php 第 141 行.
NOTIC: [8] Undefined variable: zaichu D:\phpStudy\WWW\weicn\Runtime\Cache\Admin\b595b808c2ebeeeb0478ffc30bb4e87a.php 第 142 行.
NOTIC: [8] Undefined variable: jijiang D:\phpStudy\WWW\weicn\Runtime\Cache\Admin\b595b808c2ebeeeb0478ffc30bb4e87a.php 第 143 行.
NOTIC: [8] Undefined variable: chaoshi D:\phpStudy\WWW\weicn\Runtime\Cache\Admin\b595b808c2ebeeeb0478ffc30bb4e87a.php 第 144 行.
NOTIC: [8] Undefined variable: xiaoxiList D:\phpStudy\WWW\weicn\Runtime\Cache\Admin\b595b808c2ebeeeb0478ffc30bb4e87a.php 第 154 行.
NOTIC: [2] Invalid argument supplied for foreach() D:\phpStudy\WWW\weicn\Runtime\Cache\Admin\b595b808c2ebeeeb0478ffc30bb4e87a.php 第 154 行.
INFO: Run Behavior\ParseTemplate [ RunTime:0.041003s ]
INFO: [ view_parse ] --END-- [ RunTime:0.041003s ]
INFO: [ view_filter ] --START--
INFO: Run Behavior\WriteHtmlCache [ RunTime:0.004000s ]
INFO: [ view_filter ] --END-- [ RunTime:0.004000s ]
INFO: [ app_end ] --START--
INFO: Run Behavior\ShowPageTrace [ RunTime:0.006000s ]
INFO: [ app_end ] --END-- [ RunTime:0.006000s ]

